2018-12-18 10:45:03,145 INFO o.a.j.u.JMeterUtils: Setting Locale to en_IN
2018-12-18 10:45:03,184 INFO o.a.j.JMeter: Loading user properties from: user.properties
2018-12-18 10:45:03,185 INFO o.a.j.JMeter: Loading system properties from: system.properties
2018-12-18 10:45:03,193 INFO o.a.j.JMeter: Copyright (c) 1998-2018 The Apache Software Foundation
2018-12-18 10:45:03,194 INFO o.a.j.JMeter: Version 5.0 r1840935
2018-12-18 10:45:03,194 INFO o.a.j.JMeter: java.version=11.0.1
2018-12-18 10:45:03,194 INFO o.a.j.JMeter: java.vm.name=OpenJDK 64-Bit Server VM
2018-12-18 10:45:03,194 INFO o.a.j.JMeter: os.name=Mac OS X
2018-12-18 10:45:03,194 INFO o.a.j.JMeter: os.arch=x86_64
2018-12-18 10:45:03,194 INFO o.a.j.JMeter: os.version=10.14.2
2018-12-18 10:45:03,195 INFO o.a.j.JMeter: file.encoding=UTF-8
2018-12-18 10:45:03,195 INFO o.a.j.JMeter: Max memory     =2147483648
2018-12-18 10:45:03,195 INFO o.a.j.JMeter: Available Processors =4
2018-12-18 10:45:03,206 INFO o.a.j.JMeter: Default Locale=English (India)
2018-12-18 10:45:03,207 INFO o.a.j.JMeter: JMeter  Locale=English (India)
2018-12-18 10:45:03,207 INFO o.a.j.JMeter: JMeterHome=/Users/aashishsaini/PycharmProjects/rv_trader/web_drivers/apache-jmeter-5.0
2018-12-18 10:45:03,207 INFO o.a.j.JMeter: user.dir  =/Users/aashishsaini/PycharmProjects/rv_trader/web_drivers/apache-jmeter-5.0/bin
2018-12-18 10:45:03,207 INFO o.a.j.JMeter: PWD       =/Users/aashishsaini/PycharmProjects/rv_trader/web_drivers/apache-jmeter-5.0/bin
2018-12-18 10:45:03,243 INFO o.a.j.JMeter: IP: 10.40.21.132 Name: Aashishs-MacBook-Pro.local FullName: 10.40.21.132
2018-12-18 10:45:05,226 INFO o.a.j.g.a.LookAndFeelCommand: Installing Darcula LAF
2018-12-18 10:45:05,236 INFO o.a.j.g.a.LookAndFeelCommand: Using look and feel: com.bulenkov.darcula.DarculaLaf [Darcula]
2018-12-18 10:45:05,236 INFO o.a.j.JMeter: Setting LAF to: com.bulenkov.darcula.DarculaLaf
2018-12-18 10:45:05,402 INFO o.a.j.JMeter: Loaded icon properties from org/apache/jmeter/images/icon.properties
2018-12-18 10:45:06,227 INFO o.a.j.e.u.CompoundVariable: Note: Function class names must contain the string: '.functions.'
2018-12-18 10:45:06,227 INFO o.a.j.e.u.CompoundVariable: Note: Function class names must not contain the string: '.gui.'
2018-12-18 10:45:08,710 INFO o.a.j.p.h.s.HTTPSamplerBase: Parser for text/html is org.apache.jmeter.protocol.http.parser.LagartoBasedHtmlParser
2018-12-18 10:45:08,711 INFO o.a.j.p.h.s.HTTPSamplerBase: Parser for application/xhtml+xml is org.apache.jmeter.protocol.http.parser.LagartoBasedHtmlParser
2018-12-18 10:45:08,711 INFO o.a.j.p.h.s.HTTPSamplerBase: Parser for application/xml is org.apache.jmeter.protocol.http.parser.LagartoBasedHtmlParser
2018-12-18 10:45:08,711 INFO o.a.j.p.h.s.HTTPSamplerBase: Parser for text/xml is org.apache.jmeter.protocol.http.parser.LagartoBasedHtmlParser
2018-12-18 10:45:08,711 INFO o.a.j.p.h.s.HTTPSamplerBase: Parser for text/vnd.wap.wml is org.apache.jmeter.protocol.http.parser.RegexpHTMLParser
2018-12-18 10:45:08,712 INFO o.a.j.p.h.s.HTTPSamplerBase: Parser for text/css is org.apache.jmeter.protocol.http.parser.CssParser
2018-12-18 10:45:09,275 INFO o.a.j.e.KeyToolUtils: keytool found at 'keytool'
2018-12-18 10:45:09,276 INFO o.a.j.p.h.p.ProxyControl: HTTP(S) Test Script Recorder SSL Proxy will use keys that support embedded 3rd party resources in file /Users/aashishsaini/PycharmProjects/rv_trader/web_drivers/apache-jmeter-5.0/bin/proxyserver.jks
2018-12-18 10:45:09,511 INFO o.a.j.s.FileServer: Default base='/Users/aashishsaini/PycharmProjects/rv_trader/web_drivers/apache-jmeter-5.0/bin'
2018-12-18 10:45:10,093 INFO o.a.j.s.SampleResult: Note: Sample TimeStamps are START times
2018-12-18 10:45:10,093 INFO o.a.j.s.SampleResult: sampleresult.default.encoding is set to ISO-8859-1
2018-12-18 10:45:10,093 INFO o.a.j.s.SampleResult: sampleresult.useNanoTime=true
2018-12-18 10:45:10,094 INFO o.a.j.s.SampleResult: sampleresult.nanoThreadSleep=5000
2018-12-18 10:45:10,130 WARN o.a.j.v.ViewResultsFullVisualizer: Error loading result renderer: org.apache.jmeter.visualizers.RenderInBrowser
java.lang.NoClassDefFoundError: javafx/embed/swing/JFXPanel
	at java.lang.Class.forName0(Native Method) ~[?:?]
	at java.lang.Class.forName(Class.java:315) ~[?:?]
	at org.apache.jmeter.visualizers.ViewResultsFullVisualizer.createComboRender(ViewResultsFullVisualizer.java:462) [ApacheJMeter_components.jar:5.0 r1840935]
	at org.apache.jmeter.visualizers.ViewResultsFullVisualizer.createLeftPanel(ViewResultsFullVisualizer.java:430) [ApacheJMeter_components.jar:5.0 r1840935]
	at org.apache.jmeter.visualizers.ViewResultsFullVisualizer.init(ViewResultsFullVisualizer.java:342) [ApacheJMeter_components.jar:5.0 r1840935]
	at org.apache.jmeter.visualizers.ViewResultsFullVisualizer.<init>(ViewResultsFullVisualizer.java:147) [ApacheJMeter_components.jar:5.0 r1840935]
	at jdk.internal.reflect.NativeConstructorAccessorImpl.newInstance0(Native Method) ~[?:?]
	at jdk.internal.reflect.NativeConstructorAccessorImpl.newInstance(NativeConstructorAccessorImpl.java:62) ~[?:?]
	at jdk.internal.reflect.DelegatingConstructorAccessorImpl.newInstance(DelegatingConstructorAccessorImpl.java:45) ~[?:?]
	at java.lang.reflect.Constructor.newInstance(Constructor.java:490) ~[?:?]
	at java.lang.Class.newInstance(Class.java:584) [?:?]
	at org.apache.jmeter.gui.util.MenuFactory.getGUIComponent(MenuFactory.java:174) [ApacheJMeter_core.jar:5.0 r1840935]
	at org.apache.jmeter.gui.util.MenuFactory.initializeMenus(MenuFactory.java:141) [ApacheJMeter_core.jar:5.0 r1840935]
	at org.apache.jmeter.gui.util.MenuFactory.<clinit>(MenuFactory.java:106) [ApacheJMeter_core.jar:5.0 r1840935]
	at org.apache.jmeter.control.gui.TestPlanGui.createPopupMenu(TestPlanGui.java:92) [ApacheJMeter_core.jar:5.0 r1840935]
	at org.apache.jmeter.gui.tree.JMeterTreeNode.createPopupMenu(JMeterTreeNode.java:184) [ApacheJMeter_core.jar:5.0 r1840935]
	at org.apache.jmeter.gui.action.EditCommand.doAction(EditCommand.java:46) [ApacheJMeter_core.jar:5.0 r1840935]
	at org.apache.jmeter.gui.action.ActionRouter.performAction(ActionRouter.java:88) [ApacheJMeter_core.jar:5.0 r1840935]
	at org.apache.jmeter.gui.action.ActionRouter.lambda$actionPerformed$0(ActionRouter.java:70) [ApacheJMeter_core.jar:5.0 r1840935]
	at java.awt.event.InvocationEvent.dispatch(InvocationEvent.java:313) [?:?]
	at java.awt.EventQueue.dispatchEventImpl(EventQueue.java:770) [?:?]
	at java.awt.EventQueue$4.run(EventQueue.java:721) [?:?]
	at java.awt.EventQueue$4.run(EventQueue.java:715) [?:?]
	at java.security.AccessController.doPrivileged(Native Method) [?:?]
	at java.security.ProtectionDomain$JavaSecurityAccessImpl.doIntersectionPrivilege(ProtectionDomain.java:85) [?:?]
	at java.awt.EventQueue.dispatchEvent(EventQueue.java:740) [?:?]
	at java.awt.EventDispatchThread.pumpOneEventForFilters(EventDispatchThread.java:203) [?:?]
	at java.awt.EventDispatchThread.pumpEventsForFilter(EventDispatchThread.java:124) [?:?]
	at java.awt.EventDispatchThread.pumpEventsForHierarchy(EventDispatchThread.java:113) [?:?]
	at java.awt.EventDispatchThread.pumpEvents(EventDispatchThread.java:109) [?:?]
	at java.awt.EventDispatchThread.pumpEvents(EventDispatchThread.java:101) [?:?]
	at java.awt.EventDispatchThread.run(EventDispatchThread.java:90) [?:?]
Caused by: java.lang.ClassNotFoundException: javafx.embed.swing.JFXPanel
	at java.net.URLClassLoader.findClass(URLClassLoader.java:471) ~[?:?]
	at java.lang.ClassLoader.loadClass(ClassLoader.java:588) ~[?:?]
	at java.lang.ClassLoader.loadClass(ClassLoader.java:521) ~[?:?]
	... 32 more
2018-12-18 10:54:27,090 INFO o.a.j.e.StandardJMeterEngine: Running the test!
2018-12-18 10:54:27,091 INFO o.a.j.s.SampleEvent: List of sample_variables: []
2018-12-18 10:54:27,092 INFO o.a.j.s.SampleEvent: List of sample_variables: []
2018-12-18 10:54:27,327 INFO o.a.j.s.SaveService: Testplan (JMX) version: 2.2. Testlog (JTL) version: 2.2
2018-12-18 10:54:27,354 INFO o.a.j.s.SaveService: Using SaveService properties version 5.0
2018-12-18 10:54:27,356 INFO o.a.j.s.SaveService: Using SaveService properties file encoding UTF-8
2018-12-18 10:54:27,363 INFO o.a.j.g.u.JMeterMenuBar: setRunning(true, *local*)
2018-12-18 10:54:27,463 INFO o.a.j.e.StandardJMeterEngine: Starting ThreadGroup: 1 : Users_load
2018-12-18 10:54:27,464 INFO o.a.j.e.StandardJMeterEngine: Starting 1 threads for group Users_load.
2018-12-18 10:54:27,464 INFO o.a.j.e.StandardJMeterEngine: Thread will continue on error
2018-12-18 10:54:27,465 INFO o.a.j.t.ThreadGroup: Starting thread group... number=1 threads=1 ramp-up=1 perThread=1000.0 delayedStart=false
2018-12-18 10:54:27,469 INFO o.a.j.t.ThreadGroup: Started thread group number 1
2018-12-18 10:54:27,470 INFO o.a.j.e.StandardJMeterEngine: All thread groups have been started
2018-12-18 10:54:27,471 INFO o.a.j.t.JMeterThread: Thread started: Users_load 1-1
2018-12-18 10:54:27,490 INFO o.a.j.t.JMeterThread: Thread is done: Users_load 1-1
2018-12-18 10:54:27,490 INFO o.a.j.t.JMeterThread: Thread finished: Users_load 1-1
2018-12-18 10:54:27,492 INFO o.a.j.e.StandardJMeterEngine: Notifying test listeners of end of test
2018-12-18 10:54:27,494 INFO o.a.j.g.u.JMeterMenuBar: setRunning(false, *local*)
2018-12-18 10:54:48,301 INFO o.a.j.e.StandardJMeterEngine: Running the test!
2018-12-18 10:54:48,303 INFO o.a.j.s.SampleEvent: List of sample_variables: []
2018-12-18 10:54:48,306 INFO o.a.j.g.u.JMeterMenuBar: setRunning(true, *local*)
2018-12-18 10:54:48,369 INFO o.a.j.e.StandardJMeterEngine: Starting ThreadGroup: 1 : Users_load
2018-12-18 10:54:48,369 INFO o.a.j.e.StandardJMeterEngine: Starting 100 threads for group Users_load.
2018-12-18 10:54:48,370 INFO o.a.j.e.StandardJMeterEngine: Thread will continue on error
2018-12-18 10:54:48,370 INFO o.a.j.t.ThreadGroup: Starting thread group... number=1 threads=100 ramp-up=1 perThread=10.0 delayedStart=false
2018-12-18 10:54:48,372 INFO o.a.j.t.JMeterThread: Thread started: Users_load 1-1
2018-12-18 10:54:48,375 INFO o.a.j.t.JMeterThread: Thread is done: Users_load 1-1
2018-12-18 10:54:48,376 INFO o.a.j.t.JMeterThread: Thread finished: Users_load 1-1
2018-12-18 10:54:48,388 INFO o.a.j.t.JMeterThread: Thread started: Users_load 1-2
2018-12-18 10:54:48,392 INFO o.a.j.t.JMeterThread: Thread is done: Users_load 1-2
2018-12-18 10:54:48,392 INFO o.a.j.t.JMeterThread: Thread finished: Users_load 1-2
2018-12-18 10:54:48,397 INFO o.a.j.t.JMeterThread: Thread started: Users_load 1-3
2018-12-18 10:54:48,399 INFO o.a.j.t.JMeterThread: Thread is done: Users_load 1-3
2018-12-18 10:54:48,399 INFO o.a.j.t.JMeterThread: Thread finished: Users_load 1-3
2018-12-18 10:54:48,408 INFO o.a.j.t.JMeterThread: Thread started: Users_load 1-4
2018-12-18 10:54:48,414 INFO o.a.j.t.JMeterThread: Thread is done: Users_load 1-4
2018-12-18 10:54:48,414 INFO o.a.j.t.JMeterThread: Thread finished: Users_load 1-4
2018-12-18 10:54:48,418 INFO o.a.j.t.JMeterThread: Thread started: Users_load 1-5
2018-12-18 10:54:48,432 INFO o.a.j.t.JMeterThread: Thread is done: Users_load 1-5
2018-12-18 10:54:48,433 INFO o.a.j.t.JMeterThread: Thread finished: Users_load 1-5
2018-12-18 10:54:48,433 INFO o.a.j.t.JMeterThread: Thread started: Users_load 1-6
2018-12-18 10:54:48,436 INFO o.a.j.t.JMeterThread: Thread is done: Users_load 1-6
2018-12-18 10:54:48,441 INFO o.a.j.t.JMeterThread: Thread finished: Users_load 1-6
2018-12-18 10:54:48,441 INFO o.a.j.t.JMeterThread: Thread started: Users_load 1-7
2018-12-18 10:54:48,446 INFO o.a.j.t.JMeterThread: Thread is done: Users_load 1-7
2018-12-18 10:54:48,446 INFO o.a.j.t.JMeterThread: Thread finished: Users_load 1-7
2018-12-18 10:54:48,448 INFO o.a.j.t.JMeterThread: Thread started: Users_load 1-8
2018-12-18 10:54:48,450 INFO o.a.j.t.JMeterThread: Thread is done: Users_load 1-8
2018-12-18 10:54:48,450 INFO o.a.j.t.JMeterThread: Thread finished: Users_load 1-8
2018-12-18 10:54:48,459 INFO o.a.j.t.JMeterThread: Thread started: Users_load 1-9
2018-12-18 10:54:48,465 INFO o.a.j.t.JMeterThread: Thread is done: Users_load 1-9
2018-12-18 10:54:48,466 INFO o.a.j.t.JMeterThread: Thread finished: Users_load 1-9
2018-12-18 10:54:48,470 INFO o.a.j.t.JMeterThread: Thread started: Users_load 1-10
2018-12-18 10:54:48,476 INFO o.a.j.t.JMeterThread: Thread is done: Users_load 1-10
2018-12-18 10:54:48,477 INFO o.a.j.t.JMeterThread: Thread finished: Users_load 1-10
2018-12-18 10:54:48,483 INFO o.a.j.t.JMeterThread: Thread started: Users_load 1-11
2018-12-18 10:54:48,492 INFO o.a.j.t.JMeterThread: Thread is done: Users_load 1-11
2018-12-18 10:54:48,492 INFO o.a.j.t.JMeterThread: Thread finished: Users_load 1-11
2018-12-18 10:54:48,495 INFO o.a.j.t.JMeterThread: Thread started: Users_load 1-12
2018-12-18 10:54:48,501 INFO o.a.j.t.JMeterThread: Thread is done: Users_load 1-12
2018-12-18 10:54:48,502 INFO o.a.j.t.JMeterThread: Thread finished: Users_load 1-12
2018-12-18 10:54:48,504 INFO o.a.j.t.JMeterThread: Thread started: Users_load 1-13
2018-12-18 10:54:48,511 INFO o.a.j.t.JMeterThread: Thread is done: Users_load 1-13
2018-12-18 10:54:48,512 INFO o.a.j.t.JMeterThread: Thread finished: Users_load 1-13
2018-12-18 10:54:48,513 INFO o.a.j.t.JMeterThread: Thread started: Users_load 1-14
2018-12-18 10:54:48,521 INFO o.a.j.t.JMeterThread: Thread is done: Users_load 1-14
2018-12-18 10:54:48,522 INFO o.a.j.t.JMeterThread: Thread finished: Users_load 1-14
2018-12-18 10:54:48,527 INFO o.a.j.t.JMeterThread: Thread started: Users_load 1-15
2018-12-18 10:54:48,532 INFO o.a.j.t.JMeterThread: Thread is done: Users_load 1-15
2018-12-18 10:54:48,533 INFO o.a.j.t.JMeterThread: Thread finished: Users_load 1-15
2018-12-18 10:54:48,541 INFO o.a.j.t.JMeterThread: Thread started: Users_load 1-16
2018-12-18 10:54:48,546 INFO o.a.j.t.JMeterThread: Thread is done: Users_load 1-16
2018-12-18 10:54:48,547 INFO o.a.j.t.JMeterThread: Thread finished: Users_load 1-16
2018-12-18 10:54:48,546 INFO o.a.j.t.JMeterThread: Thread started: Users_load 1-17
2018-12-18 10:54:48,554 INFO o.a.j.t.JMeterThread: Thread is done: Users_load 1-17
2018-12-18 10:54:48,555 INFO o.a.j.t.JMeterThread: Thread finished: Users_load 1-17
2018-12-18 10:54:48,557 INFO o.a.j.t.JMeterThread: Thread started: Users_load 1-18
2018-12-18 10:54:48,563 INFO o.a.j.t.JMeterThread: Thread is done: Users_load 1-18
2018-12-18 10:54:48,564 INFO o.a.j.t.JMeterThread: Thread finished: Users_load 1-18
2018-12-18 10:54:48,575 INFO o.a.j.t.JMeterThread: Thread started: Users_load 1-19
2018-12-18 10:54:48,582 INFO o.a.j.t.JMeterThread: Thread is done: Users_load 1-19
2018-12-18 10:54:48,582 INFO o.a.j.t.JMeterThread: Thread finished: Users_load 1-19
2018-12-18 10:54:48,582 INFO o.a.j.t.JMeterThread: Thread started: Users_load 1-20
2018-12-18 10:54:48,587 INFO o.a.j.t.JMeterThread: Thread is done: Users_load 1-20
2018-12-18 10:54:48,588 INFO o.a.j.t.JMeterThread: Thread finished: Users_load 1-20
2018-12-18 10:54:48,593 INFO o.a.j.t.ThreadGroup: Started thread group number 1
2018-12-18 10:54:48,595 INFO o.a.j.e.StandardJMeterEngine: All thread groups have been started
2018-12-18 10:54:48,596 INFO o.a.j.t.JMeterThread: Thread started: Users_load 1-21
2018-12-18 10:54:48,602 INFO o.a.j.t.JMeterThread: Thread is done: Users_load 1-21
2018-12-18 10:54:48,602 INFO o.a.j.t.JMeterThread: Thread finished: Users_load 1-21
2018-12-18 10:54:48,605 INFO o.a.j.t.JMeterThread: Thread started: Users_load 1-22
2018-12-18 10:54:48,612 INFO o.a.j.t.JMeterThread: Thread is done: Users_load 1-22
2018-12-18 10:54:48,613 INFO o.a.j.t.JMeterThread: Thread finished: Users_load 1-22
2018-12-18 10:54:48,618 INFO o.a.j.t.JMeterThread: Thread started: Users_load 1-23
2018-12-18 10:54:48,625 INFO o.a.j.t.JMeterThread: Thread is done: Users_load 1-23
2018-12-18 10:54:48,626 INFO o.a.j.t.JMeterThread: Thread finished: Users_load 1-23
2018-12-18 10:54:48,626 INFO o.a.j.t.JMeterThread: Thread started: Users_load 1-24
2018-12-18 10:54:48,630 INFO o.a.j.t.JMeterThread: Thread is done: Users_load 1-24
2018-12-18 10:54:48,631 INFO o.a.j.t.JMeterThread: Thread finished: Users_load 1-24
2018-12-18 10:54:48,638 INFO o.a.j.t.JMeterThread: Thread started: Users_load 1-25
2018-12-18 10:54:48,646 INFO o.a.j.t.JMeterThread: Thread is done: Users_load 1-25
2018-12-18 10:54:48,646 INFO o.a.j.t.JMeterThread: Thread finished: Users_load 1-25
2018-12-18 10:54:48,647 INFO o.a.j.t.JMeterThread: Thread started: Users_load 1-26
2018-12-18 10:54:48,649 INFO o.a.j.t.JMeterThread: Thread is done: Users_load 1-26
2018-12-18 10:54:48,649 INFO o.a.j.t.JMeterThread: Thread finished: Users_load 1-26
2018-12-18 10:54:48,660 INFO o.a.j.t.JMeterThread: Thread started: Users_load 1-27
2018-12-18 10:54:48,661 INFO o.a.j.t.JMeterThread: Thread is done: Users_load 1-27
2018-12-18 10:54:48,661 INFO o.a.j.t.JMeterThread: Thread finished: Users_load 1-27
2018-12-18 10:54:48,668 INFO o.a.j.t.JMeterThread: Thread started: Users_load 1-28
2018-12-18 10:54:48,674 INFO o.a.j.t.JMeterThread: Thread is done: Users_load 1-28
2018-12-18 10:54:48,675 INFO o.a.j.t.JMeterThread: Thread finished: Users_load 1-28
2018-12-18 10:54:48,680 INFO o.a.j.t.JMeterThread: Thread started: Users_load 1-29
2018-12-18 10:54:48,685 INFO o.a.j.t.JMeterThread: Thread is done: Users_load 1-29
2018-12-18 10:54:48,685 INFO o.a.j.t.JMeterThread: Thread finished: Users_load 1-29
2018-12-18 10:54:48,691 INFO o.a.j.t.JMeterThread: Thread started: Users_load 1-30
2018-12-18 10:54:48,695 INFO o.a.j.t.JMeterThread: Thread is done: Users_load 1-30
2018-12-18 10:54:48,696 INFO o.a.j.t.JMeterThread: Thread finished: Users_load 1-30
2018-12-18 10:54:48,700 INFO o.a.j.t.JMeterThread: Thread started: Users_load 1-31
2018-12-18 10:54:48,705 INFO o.a.j.t.JMeterThread: Thread is done: Users_load 1-31
2018-12-18 10:54:48,705 INFO o.a.j.t.JMeterThread: Thread finished: Users_load 1-31
2018-12-18 10:54:48,713 INFO o.a.j.t.JMeterThread: Thread started: Users_load 1-32
2018-12-18 10:54:48,717 INFO o.a.j.t.JMeterThread: Thread is done: Users_load 1-32
2018-12-18 10:54:48,719 INFO o.a.j.t.JMeterThread: Thread finished: Users_load 1-32
2018-12-18 10:54:48,723 INFO o.a.j.t.JMeterThread: Thread started: Users_load 1-33
2018-12-18 10:54:48,729 INFO o.a.j.t.JMeterThread: Thread is done: Users_load 1-33
2018-12-18 10:54:48,730 INFO o.a.j.t.JMeterThread: Thread finished: Users_load 1-33
2018-12-18 10:54:48,738 INFO o.a.j.t.JMeterThread: Thread started: Users_load 1-34
2018-12-18 10:54:48,744 INFO o.a.j.t.JMeterThread: Thread is done: Users_load 1-34
2018-12-18 10:54:48,746 INFO o.a.j.t.JMeterThread: Thread finished: Users_load 1-34
2018-12-18 10:54:48,748 INFO o.a.j.t.JMeterThread: Thread started: Users_load 1-35
2018-12-18 10:54:48,751 INFO o.a.j.t.JMeterThread: Thread is done: Users_load 1-35
2018-12-18 10:54:48,752 INFO o.a.j.t.JMeterThread: Thread finished: Users_load 1-35
2018-12-18 10:54:48,758 INFO o.a.j.t.JMeterThread: Thread started: Users_load 1-36
2018-12-18 10:54:48,768 INFO o.a.j.t.JMeterThread: Thread is done: Users_load 1-36
2018-12-18 10:54:48,768 INFO o.a.j.t.JMeterThread: Thread finished: Users_load 1-36
2018-12-18 10:54:48,769 INFO o.a.j.t.JMeterThread: Thread started: Users_load 1-37
2018-12-18 10:54:48,776 INFO o.a.j.t.JMeterThread: Thread is done: Users_load 1-37
2018-12-18 10:54:48,776 INFO o.a.j.t.JMeterThread: Thread finished: Users_load 1-37
2018-12-18 10:54:48,790 INFO o.a.j.t.JMeterThread: Thread started: Users_load 1-38
2018-12-18 10:54:48,793 INFO o.a.j.t.JMeterThread: Thread is done: Users_load 1-38
2018-12-18 10:54:48,793 INFO o.a.j.t.JMeterThread: Thread finished: Users_load 1-38
2018-12-18 10:54:48,801 INFO o.a.j.t.JMeterThread: Thread started: Users_load 1-39
2018-12-18 10:54:48,806 INFO o.a.j.t.JMeterThread: Thread is done: Users_load 1-39
2018-12-18 10:54:48,807 INFO o.a.j.t.JMeterThread: Thread finished: Users_load 1-39
2018-12-18 10:54:48,818 INFO o.a.j.t.JMeterThread: Thread started: Users_load 1-40
2018-12-18 10:54:48,824 INFO o.a.j.t.JMeterThread: Thread is done: Users_load 1-40
2018-12-18 10:54:48,825 INFO o.a.j.t.JMeterThread: Thread finished: Users_load 1-40
2018-12-18 10:54:48,835 INFO o.a.j.t.JMeterThread: Thread started: Users_load 1-41
2018-12-18 10:54:48,839 INFO o.a.j.t.JMeterThread: Thread is done: Users_load 1-41
2018-12-18 10:54:48,840 INFO o.a.j.t.JMeterThread: Thread finished: Users_load 1-41
2018-12-18 10:54:48,851 INFO o.a.j.t.JMeterThread: Thread started: Users_load 1-42
2018-12-18 10:54:48,857 INFO o.a.j.t.JMeterThread: Thread is done: Users_load 1-42
2018-12-18 10:54:48,858 INFO o.a.j.t.JMeterThread: Thread finished: Users_load 1-42
2018-12-18 10:54:48,865 INFO o.a.j.t.JMeterThread: Thread started: Users_load 1-43
2018-12-18 10:54:48,867 INFO o.a.j.t.JMeterThread: Thread is done: Users_load 1-43
2018-12-18 10:54:48,867 INFO o.a.j.t.JMeterThread: Thread finished: Users_load 1-43
2018-12-18 10:54:48,876 INFO o.a.j.t.JMeterThread: Thread started: Users_load 1-44
2018-12-18 10:54:48,882 INFO o.a.j.t.JMeterThread: Thread is done: Users_load 1-44
2018-12-18 10:54:48,882 INFO o.a.j.t.JMeterThread: Thread finished: Users_load 1-44
2018-12-18 10:54:48,888 INFO o.a.j.t.JMeterThread: Thread started: Users_load 1-45
2018-12-18 10:54:48,892 INFO o.a.j.t.JMeterThread: Thread is done: Users_load 1-45
2018-12-18 10:54:48,893 INFO o.a.j.t.JMeterThread: Thread finished: Users_load 1-45
2018-12-18 10:54:48,900 INFO o.a.j.t.JMeterThread: Thread started: Users_load 1-46
2018-12-18 10:54:48,901 INFO o.a.j.t.JMeterThread: Thread is done: Users_load 1-46
2018-12-18 10:54:48,901 INFO o.a.j.t.JMeterThread: Thread finished: Users_load 1-46
2018-12-18 10:54:48,908 INFO o.a.j.t.JMeterThread: Thread started: Users_load 1-47
2018-12-18 10:54:48,915 INFO o.a.j.t.JMeterThread: Thread is done: Users_load 1-47
2018-12-18 10:54:48,916 INFO o.a.j.t.JMeterThread: Thread finished: Users_load 1-47
2018-12-18 10:54:48,921 INFO o.a.j.t.JMeterThread: Thread started: Users_load 1-48
2018-12-18 10:54:48,927 INFO o.a.j.t.JMeterThread: Thread is done: Users_load 1-48
2018-12-18 10:54:48,927 INFO o.a.j.t.JMeterThread: Thread finished: Users_load 1-48
2018-12-18 10:54:48,930 INFO o.a.j.t.JMeterThread: Thread started: Users_load 1-49
2018-12-18 10:54:48,934 INFO o.a.j.t.JMeterThread: Thread is done: Users_load 1-49
2018-12-18 10:54:48,935 INFO o.a.j.t.JMeterThread: Thread finished: Users_load 1-49
2018-12-18 10:54:48,944 INFO o.a.j.t.JMeterThread: Thread started: Users_load 1-50
2018-12-18 10:54:48,948 INFO o.a.j.t.JMeterThread: Thread is done: Users_load 1-50
2018-12-18 10:54:48,948 INFO o.a.j.t.JMeterThread: Thread finished: Users_load 1-50
2018-12-18 10:54:48,954 INFO o.a.j.t.JMeterThread: Thread started: Users_load 1-51
2018-12-18 10:54:48,958 INFO o.a.j.t.JMeterThread: Thread is done: Users_load 1-51
2018-12-18 10:54:48,958 INFO o.a.j.t.JMeterThread: Thread finished: Users_load 1-51
2018-12-18 10:54:48,963 INFO o.a.j.t.JMeterThread: Thread started: Users_load 1-52
2018-12-18 10:54:48,969 INFO o.a.j.t.JMeterThread: Thread is done: Users_load 1-52
2018-12-18 10:54:48,970 INFO o.a.j.t.JMeterThread: Thread finished: Users_load 1-52
2018-12-18 10:54:48,975 INFO o.a.j.t.JMeterThread: Thread started: Users_load 1-53
2018-12-18 10:54:48,978 INFO o.a.j.t.JMeterThread: Thread is done: Users_load 1-53
2018-12-18 10:54:48,979 INFO o.a.j.t.JMeterThread: Thread finished: Users_load 1-53
2018-12-18 10:54:48,988 INFO o.a.j.t.JMeterThread: Thread started: Users_load 1-54
2018-12-18 10:54:48,993 INFO o.a.j.t.JMeterThread: Thread is done: Users_load 1-54
2018-12-18 10:54:48,994 INFO o.a.j.t.JMeterThread: Thread finished: Users_load 1-54
2018-12-18 10:54:48,999 INFO o.a.j.t.JMeterThread: Thread started: Users_load 1-55
2018-12-18 10:54:49,004 INFO o.a.j.t.JMeterThread: Thread is done: Users_load 1-55
2018-12-18 10:54:49,005 INFO o.a.j.t.JMeterThread: Thread finished: Users_load 1-55
2018-12-18 10:54:49,019 INFO o.a.j.t.JMeterThread: Thread started: Users_load 1-56
2018-12-18 10:54:49,025 INFO o.a.j.t.JMeterThread: Thread is done: Users_load 1-56
2018-12-18 10:54:49,026 INFO o.a.j.t.JMeterThread: Thread finished: Users_load 1-56
2018-12-18 10:54:49,028 INFO o.a.j.t.JMeterThread: Thread started: Users_load 1-57
2018-12-18 10:54:49,034 INFO o.a.j.t.JMeterThread: Thread is done: Users_load 1-57
2018-12-18 10:54:49,034 INFO o.a.j.t.JMeterThread: Thread finished: Users_load 1-57
2018-12-18 10:54:49,038 INFO o.a.j.t.JMeterThread: Thread started: Users_load 1-58
2018-12-18 10:54:49,044 INFO o.a.j.t.JMeterThread: Thread is done: Users_load 1-58
2018-12-18 10:54:49,044 INFO o.a.j.t.JMeterThread: Thread finished: Users_load 1-58
2018-12-18 10:54:49,052 INFO o.a.j.t.JMeterThread: Thread started: Users_load 1-59
2018-12-18 10:54:49,058 INFO o.a.j.t.JMeterThread: Thread is done: Users_load 1-59
2018-12-18 10:54:49,059 INFO o.a.j.t.JMeterThread: Thread finished: Users_load 1-59
2018-12-18 10:54:49,060 INFO o.a.j.t.JMeterThread: Thread started: Users_load 1-60
2018-12-18 10:54:49,064 INFO o.a.j.t.JMeterThread: Thread is done: Users_load 1-60
2018-12-18 10:54:49,065 INFO o.a.j.t.JMeterThread: Thread finished: Users_load 1-60
2018-12-18 10:54:49,080 INFO o.a.j.t.JMeterThread: Thread started: Users_load 1-61
2018-12-18 10:54:49,082 INFO o.a.j.t.JMeterThread: Thread is done: Users_load 1-61
2018-12-18 10:54:49,082 INFO o.a.j.t.JMeterThread: Thread finished: Users_load 1-61
2018-12-18 10:54:49,093 INFO o.a.j.t.JMeterThread: Thread started: Users_load 1-62
2018-12-18 10:54:49,095 INFO o.a.j.t.JMeterThread: Thread is done: Users_load 1-62
2018-12-18 10:54:49,096 INFO o.a.j.t.JMeterThread: Thread finished: Users_load 1-62
2018-12-18 10:54:49,111 INFO o.a.j.t.JMeterThread: Thread started: Users_load 1-63
2018-12-18 10:54:49,112 INFO o.a.j.t.JMeterThread: Thread is done: Users_load 1-63
2018-12-18 10:54:49,112 INFO o.a.j.t.JMeterThread: Thread finished: Users_load 1-63
2018-12-18 10:54:49,127 INFO o.a.j.t.JMeterThread: Thread started: Users_load 1-64
2018-12-18 10:54:49,129 INFO o.a.j.t.JMeterThread: Thread is done: Users_load 1-64
2018-12-18 10:54:49,129 INFO o.a.j.t.JMeterThread: Thread finished: Users_load 1-64
2018-12-18 10:54:49,142 INFO o.a.j.t.JMeterThread: Thread started: Users_load 1-65
2018-12-18 10:54:49,145 INFO o.a.j.t.JMeterThread: Thread is done: Users_load 1-65
2018-12-18 10:54:49,145 INFO o.a.j.t.JMeterThread: Thread finished: Users_load 1-65
2018-12-18 10:54:49,157 INFO o.a.j.t.JMeterThread: Thread started: Users_load 1-66
2018-12-18 10:54:49,160 INFO o.a.j.t.JMeterThread: Thread is done: Users_load 1-66
2018-12-18 10:54:49,161 INFO o.a.j.t.JMeterThread: Thread finished: Users_load 1-66
2018-12-18 10:54:49,166 INFO o.a.j.t.JMeterThread: Thread started: Users_load 1-67
2018-12-18 10:54:49,167 INFO o.a.j.t.JMeterThread: Thread is done: Users_load 1-67
2018-12-18 10:54:49,168 INFO o.a.j.t.JMeterThread: Thread finished: Users_load 1-67
2018-12-18 10:54:49,181 INFO o.a.j.t.JMeterThread: Thread started: Users_load 1-68
2018-12-18 10:54:49,182 INFO o.a.j.t.JMeterThread: Thread is done: Users_load 1-68
2018-12-18 10:54:49,183 INFO o.a.j.t.JMeterThread: Thread finished: Users_load 1-68
2018-12-18 10:54:49,191 INFO o.a.j.t.JMeterThread: Thread started: Users_load 1-69
2018-12-18 10:54:49,196 INFO o.a.j.t.JMeterThread: Thread is done: Users_load 1-69
2018-12-18 10:54:49,196 INFO o.a.j.t.JMeterThread: Thread finished: Users_load 1-69
2018-12-18 10:54:49,203 INFO o.a.j.t.JMeterThread: Thread started: Users_load 1-70
2018-12-18 10:54:49,210 INFO o.a.j.t.JMeterThread: Thread is done: Users_load 1-70
2018-12-18 10:54:49,210 INFO o.a.j.t.JMeterThread: Thread finished: Users_load 1-70
2018-12-18 10:54:49,219 INFO o.a.j.t.JMeterThread: Thread started: Users_load 1-71
2018-12-18 10:54:49,224 INFO o.a.j.t.JMeterThread: Thread is done: Users_load 1-71
2018-12-18 10:54:49,225 INFO o.a.j.t.JMeterThread: Thread finished: Users_load 1-71
2018-12-18 10:54:49,239 INFO o.a.j.t.JMeterThread: Thread started: Users_load 1-72
2018-12-18 10:54:49,242 INFO o.a.j.t.JMeterThread: Thread is done: Users_load 1-72
2018-12-18 10:54:49,242 INFO o.a.j.t.JMeterThread: Thread finished: Users_load 1-72
2018-12-18 10:54:49,247 INFO o.a.j.t.JMeterThread: Thread started: Users_load 1-73
2018-12-18 10:54:49,251 INFO o.a.j.t.JMeterThread: Thread is done: Users_load 1-73
2018-12-18 10:54:49,251 INFO o.a.j.t.JMeterThread: Thread finished: Users_load 1-73
2018-12-18 10:54:49,259 INFO o.a.j.t.JMeterThread: Thread started: Users_load 1-74
2018-12-18 10:54:49,261 INFO o.a.j.t.JMeterThread: Thread is done: Users_load 1-74
2018-12-18 10:54:49,262 INFO o.a.j.t.JMeterThread: Thread finished: Users_load 1-74
2018-12-18 10:54:49,269 INFO o.a.j.t.JMeterThread: Thread started: Users_load 1-75
2018-12-18 10:54:49,273 INFO o.a.j.t.JMeterThread: Thread is done: Users_load 1-75
2018-12-18 10:54:49,274 INFO o.a.j.t.JMeterThread: Thread finished: Users_load 1-75
2018-12-18 10:54:49,281 INFO o.a.j.t.JMeterThread: Thread started: Users_load 1-76
2018-12-18 10:54:49,285 INFO o.a.j.t.JMeterThread: Thread is done: Users_load 1-76
2018-12-18 10:54:49,285 INFO o.a.j.t.JMeterThread: Thread finished: Users_load 1-76
2018-12-18 10:54:49,301 INFO o.a.j.t.JMeterThread: Thread started: Users_load 1-77
2018-12-18 10:54:49,304 INFO o.a.j.t.JMeterThread: Thread is done: Users_load 1-77
2018-12-18 10:54:49,305 INFO o.a.j.t.JMeterThread: Thread finished: Users_load 1-77
2018-12-18 10:54:49,316 INFO o.a.j.t.JMeterThread: Thread started: Users_load 1-78
2018-12-18 10:54:49,319 INFO o.a.j.t.JMeterThread: Thread is done: Users_load 1-78
2018-12-18 10:54:49,320 INFO o.a.j.t.JMeterThread: Thread finished: Users_load 1-78
2018-12-18 10:54:49,334 INFO o.a.j.t.JMeterThread: Thread started: Users_load 1-79
2018-12-18 10:54:49,336 INFO o.a.j.t.JMeterThread: Thread is done: Users_load 1-79
2018-12-18 10:54:49,336 INFO o.a.j.t.JMeterThread: Thread finished: Users_load 1-79
2018-12-18 10:54:49,345 INFO o.a.j.t.JMeterThread: Thread started: Users_load 1-80
2018-12-18 10:54:49,350 INFO o.a.j.t.JMeterThread: Thread is done: Users_load 1-80
2018-12-18 10:54:49,351 INFO o.a.j.t.JMeterThread: Thread finished: Users_load 1-80
2018-12-18 10:54:49,360 INFO o.a.j.t.JMeterThread: Thread started: Users_load 1-81
2018-12-18 10:54:49,363 INFO o.a.j.t.JMeterThread: Thread is done: Users_load 1-81
2018-12-18 10:54:49,364 INFO o.a.j.t.JMeterThread: Thread finished: Users_load 1-81
2018-12-18 10:54:49,371 INFO o.a.j.t.JMeterThread: Thread started: Users_load 1-82
2018-12-18 10:54:49,376 INFO o.a.j.t.JMeterThread: Thread is done: Users_load 1-82
2018-12-18 10:54:49,377 INFO o.a.j.t.JMeterThread: Thread finished: Users_load 1-82
2018-12-18 10:54:49,382 INFO o.a.j.t.JMeterThread: Thread started: Users_load 1-83
2018-12-18 10:54:49,383 INFO o.a.j.t.JMeterThread: Thread is done: Users_load 1-83
2018-12-18 10:54:49,384 INFO o.a.j.t.JMeterThread: Thread finished: Users_load 1-83
2018-12-18 10:54:49,395 INFO o.a.j.t.JMeterThread: Thread started: Users_load 1-84
2018-12-18 10:54:49,396 INFO o.a.j.t.JMeterThread: Thread is done: Users_load 1-84
2018-12-18 10:54:49,397 INFO o.a.j.t.JMeterThread: Thread finished: Users_load 1-84
2018-12-18 10:54:49,411 INFO o.a.j.t.JMeterThread: Thread started: Users_load 1-85
2018-12-18 10:54:49,413 INFO o.a.j.t.JMeterThread: Thread is done: Users_load 1-85
2018-12-18 10:54:49,413 INFO o.a.j.t.JMeterThread: Thread finished: Users_load 1-85
2018-12-18 10:54:49,419 INFO o.a.j.t.JMeterThread: Thread started: Users_load 1-86
2018-12-18 10:54:49,421 INFO o.a.j.t.JMeterThread: Thread is done: Users_load 1-86
2018-12-18 10:54:49,422 INFO o.a.j.t.JMeterThread: Thread finished: Users_load 1-86
2018-12-18 10:54:49,430 INFO o.a.j.t.JMeterThread: Thread started: Users_load 1-87
2018-12-18 10:54:49,432 INFO o.a.j.t.JMeterThread: Thread is done: Users_load 1-87
2018-12-18 10:54:49,432 INFO o.a.j.t.JMeterThread: Thread finished: Users_load 1-87
2018-12-18 10:54:49,443 INFO o.a.j.t.JMeterThread: Thread started: Users_load 1-88
2018-12-18 10:54:49,445 INFO o.a.j.t.JMeterThread: Thread is done: Users_load 1-88
2018-12-18 10:54:49,445 INFO o.a.j.t.JMeterThread: Thread finished: Users_load 1-88
2018-12-18 10:54:49,459 INFO o.a.j.t.JMeterThread: Thread started: Users_load 1-89
2018-12-18 10:54:49,460 INFO o.a.j.t.JMeterThread: Thread is done: Users_load 1-89
2018-12-18 10:54:49,460 INFO o.a.j.t.JMeterThread: Thread finished: Users_load 1-89
2018-12-18 10:54:49,470 INFO o.a.j.t.JMeterThread: Thread started: Users_load 1-90
2018-12-18 10:54:49,474 INFO o.a.j.t.JMeterThread: Thread is done: Users_load 1-90
2018-12-18 10:54:49,475 INFO o.a.j.t.JMeterThread: Thread finished: Users_load 1-90
2018-12-18 10:54:49,481 INFO o.a.j.t.JMeterThread: Thread started: Users_load 1-91
2018-12-18 10:54:49,483 INFO o.a.j.t.JMeterThread: Thread is done: Users_load 1-91
2018-12-18 10:54:49,483 INFO o.a.j.t.JMeterThread: Thread finished: Users_load 1-91
2018-12-18 10:54:49,492 INFO o.a.j.t.JMeterThread: Thread started: Users_load 1-92
2018-12-18 10:54:49,496 INFO o.a.j.t.JMeterThread: Thread is done: Users_load 1-92
2018-12-18 10:54:49,496 INFO o.a.j.t.JMeterThread: Thread finished: Users_load 1-92
2018-12-18 10:54:49,505 INFO o.a.j.t.JMeterThread: Thread started: Users_load 1-93
2018-12-18 10:54:49,510 INFO o.a.j.t.JMeterThread: Thread is done: Users_load 1-93
2018-12-18 10:54:49,510 INFO o.a.j.t.JMeterThread: Thread finished: Users_load 1-93
2018-12-18 10:54:49,514 INFO o.a.j.t.JMeterThread: Thread started: Users_load 1-94
2018-12-18 10:54:49,517 INFO o.a.j.t.JMeterThread: Thread is done: Users_load 1-94
2018-12-18 10:54:49,518 INFO o.a.j.t.JMeterThread: Thread finished: Users_load 1-94
2018-12-18 10:54:49,527 INFO o.a.j.t.JMeterThread: Thread started: Users_load 1-95
2018-12-18 10:54:49,529 INFO o.a.j.t.JMeterThread: Thread is done: Users_load 1-95
2018-12-18 10:54:49,530 INFO o.a.j.t.JMeterThread: Thread finished: Users_load 1-95
2018-12-18 10:54:49,536 INFO o.a.j.t.JMeterThread: Thread started: Users_load 1-96
2018-12-18 10:54:49,542 INFO o.a.j.t.JMeterThread: Thread is done: Users_load 1-96
2018-12-18 10:54:49,543 INFO o.a.j.t.JMeterThread: Thread finished: Users_load 1-96
2018-12-18 10:54:49,550 INFO o.a.j.t.JMeterThread: Thread started: Users_load 1-97
2018-12-18 10:54:49,557 INFO o.a.j.t.JMeterThread: Thread is done: Users_load 1-97
2018-12-18 10:54:49,558 INFO o.a.j.t.JMeterThread: Thread finished: Users_load 1-97
2018-12-18 10:54:49,560 INFO o.a.j.t.JMeterThread: Thread started: Users_load 1-98
2018-12-18 10:54:49,563 INFO o.a.j.t.JMeterThread: Thread is done: Users_load 1-98
2018-12-18 10:54:49,563 INFO o.a.j.t.JMeterThread: Thread finished: Users_load 1-98
2018-12-18 10:54:49,572 INFO o.a.j.t.JMeterThread: Thread started: Users_load 1-99
2018-12-18 10:54:49,577 INFO o.a.j.t.JMeterThread: Thread is done: Users_load 1-99
2018-12-18 10:54:49,578 INFO o.a.j.t.JMeterThread: Thread finished: Users_load 1-99
2018-12-18 10:54:49,585 INFO o.a.j.t.JMeterThread: Thread started: Users_load 1-100
2018-12-18 10:54:49,590 INFO o.a.j.t.JMeterThread: Thread is done: Users_load 1-100
2018-12-18 10:54:49,591 INFO o.a.j.t.JMeterThread: Thread finished: Users_load 1-100
2018-12-18 10:54:49,593 INFO o.a.j.e.StandardJMeterEngine: Notifying test listeners of end of test
2018-12-18 10:54:49,595 INFO o.a.j.g.u.JMeterMenuBar: setRunning(false, *local*)
2018-12-18 10:55:34,859 INFO o.a.j.s.FileServer: Set new base='/Users/aashishsaini'
2018-12-18 10:55:44,955 INFO o.a.j.e.StandardJMeterEngine: Running the test!
2018-12-18 10:55:44,955 INFO o.a.j.s.SampleEvent: List of sample_variables: []
2018-12-18 10:55:44,957 INFO o.a.j.g.u.JMeterMenuBar: setRunning(true, *local*)
2018-12-18 10:55:45,023 INFO o.a.j.e.StandardJMeterEngine: Starting ThreadGroup: 1 : Users_load
2018-12-18 10:55:45,023 INFO o.a.j.e.StandardJMeterEngine: Starting 100 threads for group Users_load.
2018-12-18 10:55:45,023 INFO o.a.j.e.StandardJMeterEngine: Thread will continue on error
2018-12-18 10:55:45,023 INFO o.a.j.t.ThreadGroup: Starting thread group... number=1 threads=100 ramp-up=1 perThread=10.0 delayedStart=false
2018-12-18 10:55:45,024 INFO o.a.j.t.JMeterThread: Thread started: Users_load 1-1
2018-12-18 10:55:45,036 INFO o.a.j.t.JMeterThread: Thread started: Users_load 1-2
2018-12-18 10:55:45,049 INFO o.a.j.t.JMeterThread: Thread started: Users_load 1-3
2018-12-18 10:55:45,063 INFO o.a.j.t.JMeterThread: Thread started: Users_load 1-4
2018-12-18 10:55:45,071 INFO o.a.j.t.JMeterThread: Thread started: Users_load 1-5
2018-12-18 10:55:45,079 INFO o.a.j.t.JMeterThread: Thread started: Users_load 1-6
2018-12-18 10:55:45,089 INFO o.a.j.t.JMeterThread: Thread started: Users_load 1-7
2018-12-18 10:55:45,106 INFO o.a.j.t.JMeterThread: Thread started: Users_load 1-8
2018-12-18 10:55:45,113 INFO o.a.j.t.JMeterThread: Thread started: Users_load 1-9
2018-12-18 10:55:45,127 INFO o.a.j.t.JMeterThread: Thread started: Users_load 1-10
2018-12-18 10:55:45,137 INFO o.a.j.t.JMeterThread: Thread started: Users_load 1-11
2018-12-18 10:55:45,152 INFO o.a.j.t.JMeterThread: Thread started: Users_load 1-12
2018-12-18 10:55:45,160 INFO o.a.j.t.JMeterThread: Thread started: Users_load 1-13
2018-12-18 10:55:45,174 INFO o.a.j.t.JMeterThread: Thread started: Users_load 1-14
2018-12-18 10:55:45,188 INFO o.a.j.t.JMeterThread: Thread started: Users_load 1-15
2018-12-18 10:55:45,199 INFO o.a.j.t.JMeterThread: Thread started: Users_load 1-16
2018-12-18 10:55:45,216 INFO o.a.j.t.JMeterThread: Thread started: Users_load 1-17
2018-12-18 10:55:45,224 INFO o.a.j.t.JMeterThread: Thread started: Users_load 1-18
2018-12-18 10:55:45,232 INFO o.a.j.t.JMeterThread: Thread started: Users_load 1-19
2018-12-18 10:55:45,249 INFO o.a.j.t.ThreadGroup: Started thread group number 1
2018-12-18 10:55:45,249 INFO o.a.j.e.StandardJMeterEngine: All thread groups have been started
2018-12-18 10:55:45,271 INFO o.a.j.t.JMeterThread: Thread started: Users_load 1-21
2018-12-18 10:55:45,273 INFO o.a.j.t.JMeterThread: Thread started: Users_load 1-20
2018-12-18 10:55:45,287 INFO o.a.j.t.JMeterThread: Thread started: Users_load 1-22
2018-12-18 10:55:45,301 INFO o.a.j.t.JMeterThread: Thread started: Users_load 1-23
2018-12-18 10:55:45,312 INFO o.a.j.t.JMeterThread: Thread started: Users_load 1-24
2018-12-18 10:55:45,342 INFO o.a.j.t.JMeterThread: Thread started: Users_load 1-26
2018-12-18 10:55:45,352 INFO o.a.j.t.JMeterThread: Thread started: Users_load 1-27
2018-12-18 10:55:45,364 INFO o.a.j.t.JMeterThread: Thread started: Users_load 1-28
2018-12-18 10:55:45,377 INFO o.a.j.t.JMeterThread: Thread started: Users_load 1-29
2018-12-18 10:55:45,387 INFO o.a.j.t.JMeterThread: Thread started: Users_load 1-30
2018-12-18 10:55:45,400 INFO o.a.j.t.JMeterThread: Thread started: Users_load 1-31
2018-12-18 10:55:45,418 INFO o.a.j.t.JMeterThread: Thread started: Users_load 1-25
2018-12-18 10:55:45,422 INFO o.a.j.t.JMeterThread: Thread started: Users_load 1-32
2018-12-18 10:55:45,434 INFO o.a.j.t.JMeterThread: Thread started: Users_load 1-33
2018-12-18 10:55:45,455 INFO o.a.j.t.JMeterThread: Thread started: Users_load 1-34
2018-12-18 10:55:45,471 INFO o.a.j.t.JMeterThread: Thread started: Users_load 1-35
2018-12-18 10:55:45,487 INFO o.a.j.t.JMeterThread: Thread started: Users_load 1-36
2018-12-18 10:55:45,506 INFO o.a.j.t.JMeterThread: Thread started: Users_load 1-37
2018-12-18 10:55:45,522 INFO o.a.j.t.JMeterThread: Thread started: Users_load 1-38
2018-12-18 10:55:45,540 INFO o.a.j.t.JMeterThread: Thread started: Users_load 1-39
2018-12-18 10:55:45,564 INFO o.a.j.t.JMeterThread: Thread started: Users_load 1-40
2018-12-18 10:55:45,578 INFO o.a.j.t.JMeterThread: Thread started: Users_load 1-41
2018-12-18 10:55:45,592 INFO o.a.j.t.JMeterThread: Thread started: Users_load 1-42
2018-12-18 10:55:45,603 INFO o.a.j.t.JMeterThread: Thread started: Users_load 1-43
2018-12-18 10:55:45,619 INFO o.a.j.t.JMeterThread: Thread started: Users_load 1-44
2018-12-18 10:55:45,633 INFO o.a.j.t.JMeterThread: Thread started: Users_load 1-45
2018-12-18 10:55:45,641 INFO o.a.j.t.JMeterThread: Thread started: Users_load 1-46
2018-12-18 10:55:45,657 INFO o.a.j.t.JMeterThread: Thread started: Users_load 1-47
2018-12-18 10:55:45,670 INFO o.a.j.t.JMeterThread: Thread started: Users_load 1-48
2018-12-18 10:55:45,678 INFO o.a.j.t.JMeterThread: Thread started: Users_load 1-49
2018-12-18 10:55:45,688 INFO o.a.j.t.JMeterThread: Thread started: Users_load 1-50
2018-12-18 10:55:45,697 INFO o.a.j.t.JMeterThread: Thread started: Users_load 1-51
2018-12-18 10:55:45,708 INFO o.a.j.t.JMeterThread: Thread started: Users_load 1-52
2018-12-18 10:55:45,719 INFO o.a.j.t.JMeterThread: Thread started: Users_load 1-53
2018-12-18 10:55:45,731 INFO o.a.j.t.JMeterThread: Thread started: Users_load 1-54
2018-12-18 10:55:45,741 INFO o.a.j.t.JMeterThread: Thread started: Users_load 1-55
2018-12-18 10:55:45,752 INFO o.a.j.t.JMeterThread: Thread started: Users_load 1-56
2018-12-18 10:55:45,762 INFO o.a.j.t.JMeterThread: Thread started: Users_load 1-57
2018-12-18 10:55:45,773 INFO o.a.j.t.JMeterThread: Thread started: Users_load 1-58
2018-12-18 10:55:45,783 INFO o.a.j.t.JMeterThread: Thread started: Users_load 1-59
2018-12-18 10:55:45,798 INFO o.a.j.t.JMeterThread: Thread started: Users_load 1-60
2018-12-18 10:55:45,809 INFO o.a.j.t.JMeterThread: Thread started: Users_load 1-61
2018-12-18 10:55:45,816 INFO o.a.j.t.JMeterThread: Thread started: Users_load 1-62
2018-12-18 10:55:45,832 INFO o.a.j.t.JMeterThread: Thread started: Users_load 1-63
2018-12-18 10:55:45,849 INFO o.a.j.t.JMeterThread: Thread started: Users_load 1-64
2018-12-18 10:55:45,864 INFO o.a.j.t.JMeterThread: Thread started: Users_load 1-65
2018-12-18 10:55:45,872 INFO o.a.j.t.JMeterThread: Thread started: Users_load 1-66
2018-12-18 10:55:45,878 INFO o.a.j.t.JMeterThread: Thread started: Users_load 1-67
2018-12-18 10:55:45,889 INFO o.a.j.t.JMeterThread: Thread started: Users_load 1-68
2018-12-18 10:55:45,899 INFO o.a.j.t.JMeterThread: Thread started: Users_load 1-69
2018-12-18 10:55:45,908 INFO o.a.j.t.JMeterThread: Thread started: Users_load 1-70
2018-12-18 10:55:45,922 INFO o.a.j.t.JMeterThread: Thread started: Users_load 1-71
2018-12-18 10:55:45,932 INFO o.a.j.t.JMeterThread: Thread started: Users_load 1-72
2018-12-18 10:55:45,949 INFO o.a.j.t.JMeterThread: Thread started: Users_load 1-73
2018-12-18 10:55:45,953 INFO o.a.j.t.JMeterThread: Thread started: Users_load 1-74
2018-12-18 10:55:45,963 INFO o.a.j.t.JMeterThread: Thread started: Users_load 1-75
2018-12-18 10:55:45,977 INFO o.a.j.t.JMeterThread: Thread started: Users_load 1-76
2018-12-18 10:55:45,985 INFO o.a.j.t.JMeterThread: Thread started: Users_load 1-77
2018-12-18 10:55:45,995 INFO o.a.j.t.JMeterThread: Thread started: Users_load 1-78
2018-12-18 10:55:46,010 INFO o.a.j.t.JMeterThread: Thread started: Users_load 1-79
2018-12-18 10:55:46,019 INFO o.a.j.t.JMeterThread: Thread started: Users_load 1-80
2018-12-18 10:55:46,030 INFO o.a.j.t.JMeterThread: Thread started: Users_load 1-81
2018-12-18 10:55:46,041 INFO o.a.j.t.JMeterThread: Thread started: Users_load 1-82
2018-12-18 10:55:46,049 INFO o.a.j.t.JMeterThread: Thread started: Users_load 1-83
2018-12-18 10:55:46,059 INFO o.a.j.t.JMeterThread: Thread started: Users_load 1-84
2018-12-18 10:55:46,072 INFO o.a.j.t.JMeterThread: Thread started: Users_load 1-85
2018-12-18 10:55:46,080 INFO o.a.j.t.JMeterThread: Thread started: Users_load 1-86
2018-12-18 10:55:46,091 INFO o.a.j.t.JMeterThread: Thread started: Users_load 1-87
2018-12-18 10:55:46,103 INFO o.a.j.t.JMeterThread: Thread started: Users_load 1-88
2018-12-18 10:55:46,115 INFO o.a.j.t.JMeterThread: Thread started: Users_load 1-89
2018-12-18 10:55:46,126 INFO o.a.j.t.JMeterThread: Thread started: Users_load 1-90
2018-12-18 10:55:46,141 INFO o.a.j.t.JMeterThread: Thread started: Users_load 1-91
2018-12-18 10:55:46,151 INFO o.a.j.t.JMeterThread: Thread started: Users_load 1-92
2018-12-18 10:55:46,164 INFO o.a.j.t.JMeterThread: Thread started: Users_load 1-93
2018-12-18 10:55:46,173 INFO o.a.j.t.JMeterThread: Thread started: Users_load 1-94
2018-12-18 10:55:46,184 INFO o.a.j.t.JMeterThread: Thread started: Users_load 1-95
2018-12-18 10:55:46,196 INFO o.a.j.t.JMeterThread: Thread started: Users_load 1-96
2018-12-18 10:55:46,206 INFO o.a.j.t.JMeterThread: Thread started: Users_load 1-97
2018-12-18 10:55:46,219 INFO o.a.j.t.JMeterThread: Thread started: Users_load 1-98
2018-12-18 10:55:46,233 INFO o.a.j.t.JMeterThread: Thread started: Users_load 1-99
2018-12-18 10:55:46,241 INFO o.a.j.t.JMeterThread: Thread started: Users_load 1-100
2018-12-18 10:57:35,557 INFO o.a.j.r.ResultCollector: Shutdown hook started
2018-12-18 10:57:35,560 INFO o.a.j.r.ResultCollector: Shutdown hook ended
